[    19.083] (--) Log file renamed from "/home/user/.local/share/xorg/Xorg.pid-1498.log" to "/home/user/.local/share/xorg/Xorg.0.log"
[    19.086] 
X.Org X Server 1.20.13
X Protocol Version 11, Revision 0
[    19.086] Build Operating System: linux Ubuntu
[    19.086] Current Operating System: Linux ubuntu 5.13.0-35-generic #40~20.04.1-Ubuntu SMP Mon Mar 7 09:18:32 UTC 2022 x86_64
[    19.086] Kernel command line: BOOT_IMAGE=/boot/vmlinuz-5.13.0-35-generic root=UUID=bd42c035-80c7-41de-b3f7-f8d35a453749 ro find_preseed=/preseed.cfg auto noprompt priority=critical locale=en_US quiet
[    19.086] Build Date: 14 December 2021  02:14:13PM
[    19.086] xorg-server 2:1.20.13-1ubuntu1~20.04.2 (For technical support please see http://www.ubuntu.com/support) 
[    19.086] Current version of pixman: 0.38.4
[    19.086] 	Before reporting problems, check http://wiki.x.org
	to make sure that you have the latest version.
[    19.086] Markers: (--) probed, (**) from config file, (==) default setting,
	(++) from command line, (!!) notice, (II) informational,
	(WW) warning, (EE) error, (NI) not implemented, (??) unknown.
[    19.086] (==) Log file: "/home/user/.local/share/xorg/Xorg.0.log", Time: Tue Mar 22 11:01:30 2022
[    19.093] (==) Using system config directory "/usr/share/X11/xorg.conf.d"
[    19.098] (==) No Layout section.  Using the first Screen section.
[    19.098] (==) No screen section available. Using defaults.
[    19.098] (**) |-->Screen "Default Screen Section" (0)
[    19.098] (**) |   |-->Monitor "<default monitor>"
[    19.102] (==) No monitor specified for screen "Default Screen Section".
	Using a default monitor configuration.
[    19.102] (==) Automatically adding devices
[    19.102] (==) Automatically enabling devices
[    19.102] (==) Automatically adding GPU devices
[    19.102] (==) Automatically binding GPU devices
[    19.102] (==) Max clients allowed: 256, resource mask: 0x1fffff
[    19.102] (WW) The directory "/usr/share/fonts/X11/cyrillic" does not exist.
[    19.102] 	Entry deleted from font path.
[    19.102] (WW) The directory "/usr/share/fonts/X11/100dpi/" does not exist.
[    19.102] 	Entry deleted from font path.
[    19.102] (WW) The directory "/usr/share/fonts/X11/75dpi/" does not exist.
[    19.102] 	Entry deleted from font path.
[    19.102] (WW) The directory "/usr/share/fonts/X11/100dpi" does not exist.
[    19.102] 	Entry deleted from font path.
[    19.102] (WW) The directory "/usr/share/fonts/X11/75dpi" does not exist.
[    19.102] 	Entry deleted from font path.
[    19.102] (==) FontPath set to:
	/usr/share/fonts/X11/misc,
	/usr/share/fonts/X11/Type1,
	built-ins
[    19.102] (==) ModulePath set to "/usr/lib/xorg/modules"
[    19.102] (II) The server relies on udev to provide the list of input devices.
	If no devices become available, reconfigure udev or disable AutoAddDevices.
[    19.102] (II) Loader magic: 0x557ef434a020
[    19.102] (II) Module ABI versions:
[    19.102] 	X.Org ANSI C Emulation: 0.4
[    19.102] 	X.Org Video Driver: 24.1
[    19.102] 	X.Org XInput driver : 24.1
[    19.102] 	X.Org Server Extension : 10.0
[    19.105] (++) using VT number 2

[    19.108] (II) systemd-logind: took control of session /org/freedesktop/login1/session/_32
[    19.110] (II) xfree86: Adding drm device (/dev/dri/card0)
[    19.115] (II) systemd-logind: got fd for /dev/dri/card0 226:0 fd 12 paused 0
[    19.132] (--) PCI:*(0@0:15:0) 15ad:0405:15ad:0405 rev 0, Mem @ 0xe8000000/134217728, 0xfe000000/8388608, I/O @ 0x00001070/16, BIOS @ 0x????????/131072
[    19.134] (II) LoadModule: "glx"
[    19.136] (II) Loading /usr/lib/xorg/modules/extensions/libglx.so
[    19.164] (II) Module glx: vendor="X.Org Foundation"
[    19.164] 	compiled for 1.20.13, module version = 1.0.0
[    19.164] 	ABI class: X.Org Server Extension, version 10.0
[    19.164] (==) Matched vmware as autoconfigured driver 0
[    19.164] (==) Matched modesetting as autoconfigured driver 1
[    19.164] (==) Matched fbdev as autoconfigured driver 2
[    19.164] (==) Matched vesa as autoconfigured driver 3
[    19.164] (==) Assigned the driver to the xf86ConfigLayout
[    19.164] (II) LoadModule: "vmware"
[    19.166] (II) Loading /usr/lib/xorg/modules/drivers/vmware_drv.so
[    19.304] (II) Module vmware: vendor="X.Org Foundation"
[    19.304] 	compiled for 1.20.8, module version = 13.3.0
[    19.304] 	Module class: X.Org Video Driver
[    19.304] 	ABI class: X.Org Video Driver, version 24.1
[    19.304] (II) LoadModule: "modesetting"
[    19.305] (II) Loading /usr/lib/xorg/modules/drivers/modesetting_drv.so
[    19.306] (II) Module modesetting: vendor="X.Org Foundation"
[    19.306] 	compiled for 1.20.13, module version = 1.20.13
[    19.306] 	Module class: X.Org Video Driver
[    19.307] 	ABI class: X.Org Video Driver, version 24.1
[    19.307] (II) LoadModule: "fbdev"
[    19.307] (II) Loading /usr/lib/xorg/modules/drivers/fbdev_drv.so
[    19.308] (II) Module fbdev: vendor="X.Org Foundation"
[    19.308] 	compiled for 1.20.1, module version = 0.5.0
[    19.308] 	Module class: X.Org Video Driver
[    19.308] 	ABI class: X.Org Video Driver, version 24.0
[    19.308] (II) LoadModule: "vesa"
[    19.309] (II) Loading /usr/lib/xorg/modules/drivers/vesa_drv.so
[    19.310] (II) Module vesa: vendor="X.Org Foundation"
[    19.310] 	compiled for 1.20.4, module version = 2.4.0
[    19.310] 	Module class: X.Org Video Driver
[    19.310] 	ABI class: X.Org Video Driver, version 24.0
[    19.310] (II) vmware: driver for VMware SVGA: vmware0405, vmware0710
[    19.310] (II) modesetting: Driver for Modesetting Kernel Drivers: kms
[    19.311] (II) FBDEV: driver for framebuffer: fbdev
[    19.311] (II) VESA: driver for VESA chipsets: vesa
[    19.311] xf86EnableIOPorts: failed to set IOPL for I/O (Operation not permitted)
[    19.312] (WW) Falling back to old probe method for modesetting
[    19.312] (WW) Falling back to old probe method for fbdev
[    19.312] (II) Loading sub module "fbdevhw"
[    19.312] (II) LoadModule: "fbdevhw"
[    19.313] (II) Loading /usr/lib/xorg/modules/libfbdevhw.so
[    19.314] (II) Module fbdevhw: vendor="X.Org Foundation"
[    19.314] 	compiled for 1.20.13, module version = 0.0.2
[    19.314] 	ABI class: X.Org Video Driver, version 24.1
[    19.314] (EE) open /dev/fb0: Permission denied
[    19.314] (WW) VGA arbiter: cannot open kernel arbiter, no multi-card support
[    19.315] (II) vmware(0): Creating default Display subsection in Screen section
	"Default Screen Section" for depth/fbbpp 24/32
[    19.315] (--) vmware(0): DRM driver version is 2.18.1
[    19.315] (==) vmware(0): Depth 24, (--) framebuffer bpp 32
[    19.315] (==) vmware(0): RGB weight 888
[    19.315] (==) vmware(0): Default visual is TrueColor
[    19.315] (--) vmware(0): Min width 1, Max Width 16384.
[    19.315] (--) vmware(0): Min height 1, Max Height 16384.
[    19.315] (II) vmware(0): Output Virtual1 has no monitor section
[    19.315] (II) vmware(0): Output Virtual2 has no monitor section
[    19.315] (II) vmware(0): Output Virtual3 has no monitor section
[    19.315] (II) vmware(0): Output Virtual4 has no monitor section
[    19.315] (II) vmware(0): Output Virtual5 has no monitor section
[    19.315] (II) vmware(0): Output Virtual6 has no monitor section
[    19.315] (II) vmware(0): Output Virtual7 has no monitor section
[    19.315] (II) vmware(0): Output Virtual8 has no monitor section
[    19.316] (II) vmware(0): Printing probed modes for output Virtual1
[    19.316] (II) vmware(0): Modeline "800x600"x60.0   42.75  800 850 900 950  600 650 700 750 -hsync +vsync (45.0 kHz eP)
[    19.316] (II) vmware(0): Modeline "3840x2400"x60.0  592.25  3840 3888 3920 4000  2400 2403 2409 2469 +hsync -vsync (148.1 kHz e)
[    19.316] (II) vmware(0): Modeline "3840x2160"x60.0  533.00  3840 3888 3920 4000  2160 2163 2168 2222 +hsync -vsync (133.2 kHz e)
[    19.316] (II) vmware(0): Modeline "2880x1800"x59.9  337.50  2880 2928 2960 3040  1800 1803 1809 1852 +hsync -vsync (111.0 kHz e)
[    19.316] (II) vmware(0): Modeline "2560x1600"x60.0  348.50  2560 2752 3032 3504  1600 1603 1609 1658 -hsync +vsync (99.5 kHz e)
[    19.316] (II) vmware(0): Modeline "2560x1440"x60.0  241.50  2560 2608 2640 2720  1440 1443 1448 1481 +hsync -vsync (88.8 kHz e)
[    19.316] (II) vmware(0): Modeline "1920x1440"x60.0  234.00  1920 2048 2256 2600  1440 1441 1444 1500 -hsync +vsync (90.0 kHz e)
[    19.316] (II) vmware(0): Modeline "1856x1392"x60.0  218.25  1856 1952 2176 2528  1392 1393 1396 1439 -hsync +vsync (86.3 kHz e)
[    19.316] (II) vmware(0): Modeline "1792x1344"x60.0  204.75  1792 1920 2120 2448  1344 1345 1348 1394 -hsync +vsync (83.6 kHz e)
[    19.316] (II) vmware(0): Modeline "1920x1200"x59.9  193.25  1920 2056 2256 2592  1200 1203 1209 1245 -hsync +vsync (74.6 kHz e)
[    19.316] (II) vmware(0): Modeline "1920x1080"x60.0  173.00  1920 2048 2248 2576  1080 1083 1088 1120 -hsync +vsync (67.2 kHz e)
[    19.316] (II) vmware(0): Modeline "1600x1200"x60.0  162.00  1600 1664 1856 2160  1200 1201 1204 1250 +hsync +vsync (75.0 kHz e)
[    19.316] (II) vmware(0): Modeline "1680x1050"x60.0  146.25  1680 1784 1960 2240  1050 1053 1059 1089 -hsync +vsync (65.3 kHz e)
[    19.316] (II) vmware(0): Modeline "1400x1050"x60.0  121.75  1400 1488 1632 1864  1050 1053 1057 1089 -hsync +vsync (65.3 kHz e)
[    19.316] (II) vmware(0): Modeline "1280x1024"x60.0  108.00  1280 1328 1440 1688  1024 1025 1028 1066 +hsync +vsync (64.0 kHz e)
[    19.316] (II) vmware(0): Modeline "1440x900"x59.9  106.50  1440 1520 1672 1904  900 903 909 934 -hsync +vsync (55.9 kHz e)
[    19.316] (II) vmware(0): Modeline "1280x960"x60.0  108.00  1280 1376 1488 1800  960 961 964 1000 +hsync +vsync (60.0 kHz e)
[    19.316] (II) vmware(0): Modeline "1360x768"x60.0   85.50  1360 1424 1536 1792  768 771 777 795 +hsync +vsync (47.7 kHz e)
[    19.316] (II) vmware(0): Modeline "1280x800"x59.8   83.50  1280 1352 1480 1680  800 803 809 831 +hsync -vsync (49.7 kHz e)
[    19.316] (II) vmware(0): Modeline "1152x864"x75.0  108.00  1152 1216 1344 1600  864 865 868 900 +hsync +vsync (67.5 kHz e)
[    19.316] (II) vmware(0): Modeline "1280x768"x59.9   79.50  1280 1344 1472 1664  768 771 778 798 -hsync +vsync (47.8 kHz e)
[    19.316] (II) vmware(0): Modeline "1280x720"x59.9   74.50  1280 1344 1472 1664  720 723 728 748 -hsync +vsync (44.8 kHz e)
[    19.316] (II) vmware(0): Modeline "1024x768"x60.0   65.00  1024 1048 1184 1344  768 771 777 806 -hsync -vsync (48.4 kHz e)
[    19.316] (II) vmware(0): Modeline "800x600"x60.3   40.00  800 840 968 1056  600 601 605 628 +hsync +vsync (37.9 kHz e)
[    19.316] (II) vmware(0): Modeline "640x480"x59.9   25.18  640 656 752 800  480 489 492 525 -hsync -vsync (31.5 kHz e)
[    19.316] (II) vmware(0): EDID for output Virtual2
[    19.316] (II) vmware(0): EDID for output Virtual3
[    19.316] (II) vmware(0): EDID for output Virtual4
[    19.316] (II) vmware(0): EDID for output Virtual5
[    19.316] (II) vmware(0): EDID for output Virtual6
[    19.316] (II) vmware(0): EDID for output Virtual7
[    19.316] (II) vmware(0): EDID for output Virtual8
[    19.316] (II) vmware(0): Output Virtual1 connected
[    19.316] (II) vmware(0): Output Virtual2 disconnected
[    19.316] (II) vmware(0): Output Virtual3 disconnected
[    19.316] (II) vmware(0): Output Virtual4 disconnected
[    19.316] (II) vmware(0): Output Virtual5 disconnected
[    19.316] (II) vmware(0): Output Virtual6 disconnected
[    19.316] (II) vmware(0): Output Virtual7 disconnected
[    19.316] (II) vmware(0): Output Virtual8 disconnected
[    19.316] (II) vmware(0): Using exact sizes for initial modes
[    19.316] (II) vmware(0): Output Virtual1 using initial mode 800x600 +0+0
[    19.316] (==) vmware(0): DPI set to (96, 96)
[    19.316] (==) vmware(0): Using gamma correction (1.0, 1.0, 1.0)
[    19.316] (II) Loading sub module "fb"
[    19.316] (II) LoadModule: "fb"
[    19.316] (II) Loading /usr/lib/xorg/modules/libfb.so
[    19.329] (II) Module fb: vendor="X.Org Foundation"
[    19.329] 	compiled for 1.20.13, module version = 1.0.0
[    19.329] 	ABI class: X.Org ANSI C Emulation, version 0.4
[    19.329] (II) Loading sub module "dri2"
[    19.329] (II) LoadModule: "dri2"
[    19.329] (II) Module "dri2" already built-in
[    19.329] (II) Loading sub module "dri3"
[    19.329] (II) LoadModule: "dri3"
[    19.329] (II) Module "dri3" already built-in
[    19.329] (II) UnloadModule: "modesetting"
[    19.329] (II) Unloading modesetting
[    19.329] (II) UnloadModule: "fbdev"
[    19.329] (II) Unloading fbdev
[    19.329] (II) UnloadSubModule: "fbdevhw"
[    19.329] (II) Unloading fbdevhw
[    19.329] (II) UnloadModule: "vesa"
[    19.329] (II) Unloading vesa
[    19.333] (II) vmware(0): Initialized VMWARE_CTRL extension version 0.2
[    19.376] (II) vmware(0): Gallium3D XA version: 2.5.0.
[    19.377] (II) vmware(0): Path of drm device is "/dev/dri/card0".
[    19.377] (II) vmware(0): [DRI2] Setup complete
[    19.377] (II) vmware(0): [DRI2]   DRI driver: vmwgfx
[    19.672] (--) vmware(0): Render acceleration is enabled.
[    19.672] (==) vmware(0): Rendercheck mode is disabled.
[    19.672] (--) vmware(0): Direct rendering (DRI2 3D) is enabled.
[    19.672] (--) vmware(0): Direct rendering (DRI3 3D) is enabled.
[    19.672] (==) vmware(0): Direct presents are disabled.
[    19.672] (==) vmware(0): Hardware only presents are automatic per scanout.
[    19.673] (==) vmware(0): Backing store enabled
[    19.673] (==) vmware(0): Silken mouse enabled
[    19.675] (==) vmware(0): DPMS enabled
[    19.676] (II) Initializing extension Generic Event Extension
[    19.676] (II) Initializing extension SHAPE
[    19.676] (II) Initializing extension MIT-SHM
[    19.676] (II) Initializing extension XInputExtension
[    19.678] (II) Initializing extension XTEST
[    19.678] (II) Initializing extension BIG-REQUESTS
[    19.678] (II) Initializing extension SYNC
[    19.679] (II) Initializing extension XKEYBOARD
[    19.679] (II) Initializing extension XC-MISC
[    19.679] (II) Initializing extension SECURITY
[    19.679] (II) Initializing extension XFIXES
[    19.679] (II) Initializing extension RENDER
[    19.679] (II) Initializing extension RANDR
[    19.680] (II) Initializing extension COMPOSITE
[    19.680] (II) Initializing extension DAMAGE
[    19.680] (II) Initializing extension MIT-SCREEN-SAVER
[    19.680] (II) Initializing extension DOUBLE-BUFFER
[    19.680] (II) Initializing extension RECORD
[    19.681] (II) Initializing extension DPMS
[    19.681] (II) Initializing extension Present
[    19.681] (II) Initializing extension DRI3
[    19.681] (II) Initializing extension X-Resource
[    19.681] (II) Initializing extension XVideo
[    19.681] (II) Initializing extension XVideo-MotionCompensation
[    19.681] (II) Initializing extension SELinux
[    19.682] (II) SELinux: Disabled on system
[    19.682] (II) Initializing extension GLX
[    19.700] (II) AIGLX: Loaded and initialized vmwgfx
[    19.700] (II) GLX: Initialized DRI2 GL provider for screen 0
[    19.700] (II) Initializing extension XFree86-VidModeExtension
[    19.700] (II) Initializing extension XFree86-DGA
[    19.700] (II) Initializing extension XFree86-DRI
[    19.700] (II) Initializing extension DRI2
[    19.708] (II) vmware(0): Setting screen physical size to 211 x 158
[    19.756] (II) config/udev: Adding input device Power Button (/dev/input/event0)
[    19.757] (**) Power Button: Applying InputClass "libinput keyboard catchall"
[    19.757] (II) LoadModule: "libinput"
[    19.757] (II) Loading /usr/lib/xorg/modules/input/libinput_drv.so
[    19.763] (II) Module libinput: vendor="X.Org Foundation"
[    19.763] 	compiled for 1.20.4, module version = 0.29.0
[    19.764] 	Module class: X.Org XInput Driver
[    19.765] 	ABI class: X.Org XInput driver, version 24.1
[    19.766] (II) Using input driver 'libinput' for 'Power Button'
[    19.768] (II) systemd-logind: got fd for /dev/input/event0 13:64 fd 24 paused 0
[    19.768] (**) Power Button: always reports core events
[    19.768] (**) Option "Device" "/dev/input/event0"
[    19.769] (**) Option "_source" "server/udev"
[    19.774] (II) event0  - Power Button: is tagged by udev as: Keyboard
[    19.774] (II) event0  - Power Button: device is a keyboard
[    19.775] (II) event0  - Power Button: device removed
[    19.775] (**) Option "config_info" "udev:/sys/devices/LNXSYSTM:00/LNXPWRBN:00/input/input0/event0"
[    19.775] (II) XINPUT: Adding extended input device "Power Button" (type: KEYBOARD, id 6)
[    19.777] (II) event0  - Power Button: is tagged by udev as: Keyboard
[    19.777] (II) event0  - Power Button: device is a keyboard
[    19.778] (II) config/udev: Adding input device VMware VMware Virtual USB Mouse (/dev/input/event4)
[    19.778] (**) VMware VMware Virtual USB Mouse: Applying InputClass "libinput pointer catchall"
[    19.778] (II) Using input driver 'libinput' for 'VMware VMware Virtual USB Mouse'
[    19.837] (II) systemd-logind: got fd for /dev/input/event4 13:68 fd 27 paused 0
[    19.837] (**) VMware VMware Virtual USB Mouse: always reports core events
[    19.837] (**) Option "Device" "/dev/input/event4"
[    19.837] (**) Option "_source" "server/udev"
[    19.838] (II) event4  - VMware VMware Virtual USB Mouse: is tagged by udev as: Mouse
[    19.838] (II) event4  - VMware VMware Virtual USB Mouse: device is a pointer
[    19.838] (II) event4  - VMware VMware Virtual USB Mouse: device removed
[    19.838] (**) Option "config_info" "udev:/sys/devices/pci0000:00/0000:00:11.0/0000:02:00.0/usb2/2-1/2-1:1.0/0003:0E0F:0003.0001/input/input5/event4"
[    19.838] (II) XINPUT: Adding extended input device "VMware VMware Virtual USB Mouse" (type: MOUSE, id 7)
[    19.838] (**) Option "AccelerationScheme" "none"
[    19.838] (**) VMware VMware Virtual USB Mouse: (accel) selected scheme none/0
[    19.838] (**) VMware VMware Virtual USB Mouse: (accel) acceleration factor: 2.000
[    19.838] (**) VMware VMware Virtual USB Mouse: (accel) acceleration threshold: 4
[    19.839] (II) event4  - VMware VMware Virtual USB Mouse: is tagged by udev as: Mouse
[    19.839] (II) event4  - VMware VMware Virtual USB Mouse: device is a pointer
[    19.840] (II) config/udev: Adding input device VMware VMware Virtual USB Mouse (/dev/input/mouse2)
[    19.840] (II) No input driver specified, ignoring this device.
[    19.840] (II) This device may have been added with another device file.
[    19.840] (II) config/udev: Adding input device AT Translated Set 2 keyboard (/dev/input/event1)
[    19.840] (**) AT Translated Set 2 keyboard: Applying InputClass "libinput keyboard catchall"
[    19.840] (II) Using input driver 'libinput' for 'AT Translated Set 2 keyboard'
[    19.842] (II) systemd-logind: got fd for /dev/input/event1 13:65 fd 28 paused 0
[    19.842] (**) AT Translated Set 2 keyboard: always reports core events
[    19.842] (**) Option "Device" "/dev/input/event1"
[    19.842] (**) Option "_source" "server/udev"
[    19.843] (II) event1  - AT Translated Set 2 keyboard: is tagged by udev as: Keyboard
[    19.844] (II) event1  - AT Translated Set 2 keyboard: device is a keyboard
[    19.844] (II) event1  - AT Translated Set 2 keyboard: device removed
[    19.844] (**) Option "config_info" "udev:/sys/devices/platform/i8042/serio0/input/input1/event1"
[    19.844] (II) XINPUT: Adding extended input device "AT Translated Set 2 keyboard" (type: KEYBOARD, id 8)
[    19.847] (II) event1  - AT Translated Set 2 keyboard: is tagged by udev as: Keyboard
[    19.847] (II) event1  - AT Translated Set 2 keyboard: device is a keyboard
[    19.848] (II) config/udev: Adding input device VirtualPS/2 VMware VMMouse (/dev/input/event3)
[    19.849] (**) VirtualPS/2 VMware VMMouse: Applying InputClass "libinput pointer catchall"
[    19.849] (II) Using input driver 'libinput' for 'VirtualPS/2 VMware VMMouse'
[    19.850] (II) systemd-logind: got fd for /dev/input/event3 13:67 fd 29 paused 0
[    19.850] (**) VirtualPS/2 VMware VMMouse: always reports core events
[    19.850] (**) Option "Device" "/dev/input/event3"
[    19.851] (**) Option "_source" "server/udev"
[    19.852] (II) event3  - VirtualPS/2 VMware VMMouse: is tagged by udev as: Mouse
[    19.852] (II) event3  - VirtualPS/2 VMware VMMouse: device is a pointer
[    19.853] (II) event3  - VirtualPS/2 VMware VMMouse: device removed
[    19.853] (**) Option "config_info" "udev:/sys/devices/platform/i8042/serio1/input/input3/event3"
[    19.853] (II) XINPUT: Adding extended input device "VirtualPS/2 VMware VMMouse" (type: MOUSE, id 9)
[    19.853] (**) Option "AccelerationScheme" "none"
[    19.853] (**) VirtualPS/2 VMware VMMouse: (accel) selected scheme none/0
[    19.854] (**) VirtualPS/2 VMware VMMouse: (accel) acceleration factor: 2.000
[    19.854] (**) VirtualPS/2 VMware VMMouse: (accel) acceleration threshold: 4
[    19.856] (II) event3  - VirtualPS/2 VMware VMMouse: is tagged by udev as: Mouse
[    19.856] (II) event3  - VirtualPS/2 VMware VMMouse: device is a pointer
[    19.857] (II) config/udev: Adding input device VirtualPS/2 VMware VMMouse (/dev/input/mouse1)
[    19.857] (II) No input driver specified, ignoring this device.
[    19.857] (II) This device may have been added with another device file.
[    19.858] (II) config/udev: Adding input device VirtualPS/2 VMware VMMouse (/dev/input/event2)
[    19.858] (**) VirtualPS/2 VMware VMMouse: Applying InputClass "libinput pointer catchall"
[    19.858] (II) Using input driver 'libinput' for 'VirtualPS/2 VMware VMMouse'
[    19.859] (II) systemd-logind: got fd for /dev/input/event2 13:66 fd 30 paused 0
[    19.860] (**) VirtualPS/2 VMware VMMouse: always reports core events
[    19.860] (**) Option "Device" "/dev/input/event2"
[    19.860] (**) Option "_source" "server/udev"
[    19.861] (II) event2  - VirtualPS/2 VMware VMMouse: is tagged by udev as: Mouse
[    19.863] (II) event2  - VirtualPS/2 VMware VMMouse: device is a pointer
[    19.863] (II) event2  - VirtualPS/2 VMware VMMouse: device removed
[    19.863] (**) Option "config_info" "udev:/sys/devices/platform/i8042/serio1/input/input4/event2"
[    19.863] (II) XINPUT: Adding extended input device "VirtualPS/2 VMware VMMouse" (type: MOUSE, id 10)
[    19.863] (**) Option "AccelerationScheme" "none"
[    19.863] (**) VirtualPS/2 VMware VMMouse: (accel) selected scheme none/0
[    19.864] (**) VirtualPS/2 VMware VMMouse: (accel) acceleration factor: 2.000
[    19.864] (**) VirtualPS/2 VMware VMMouse: (accel) acceleration threshold: 4
[    19.864] (II) event2  - VirtualPS/2 VMware VMMouse: is tagged by udev as: Mouse
[    19.865] (II) event2  - VirtualPS/2 VMware VMMouse: device is a pointer
[    19.865] (II) config/udev: Adding input device VirtualPS/2 VMware VMMouse (/dev/input/mouse0)
[    19.865] (II) No input driver specified, ignoring this device.
[    19.865] (II) This device may have been added with another device file.
[ 12053.539] (!!) vmware(0): New layout.
[ 12053.539] (!!) vmware(0): 0: 0 0 1280 767
[ 12053.539] (!!) vmware(0): 
[ 12053.570] (!!) vmware(0): New layout.
[ 12053.570] (!!) vmware(0): 0: 0 0 1297 767
[ 12053.570] (!!) vmware(0): 
